(base) dhankar@dhankar-1:~/.../0621$ sudo docker run hello-world
[sudo] password for dhankar: 

Hello from Docker!
This message shows that your installation appears to be working correctly.

To generate this message, Docker took the following steps:
 1. The Docker client contacted the Docker daemon.
 2. The Docker daemon pulled the "hello-world" image from the Docker Hub.
    (amd64)
 3. The Docker daemon created a new container from that image which runs the
    executable that produces the output you are currently reading.
 4. The Docker daemon streamed that output to the Docker client, which sent it
    to your terminal.

To try something more ambitious, you can run an Ubuntu container with:
 $ docker run -it ubuntu bash

Share images, automate workflows, and more with a free Docker ID:
 https://hub.docker.com/

For more examples and ideas, visit:
 https://docs.docker.com/get-started/

(base) dhankar@dhankar-1:~/.../0621$ cd /var/lib/docker/
(base) dhankar@dhankar-1:.../docker$ sudo ls -ltr
[sudo] password for dhankar: 
total 60
drwx------   4 root root  4096 Jul 17  2020 plugins
drwx------   3 root root  4096 Jul 17  2020 image
drwx------   2 root root  4096 Jul 17  2020 trust
drwxr-x---   3 root root  4096 Jul 17  2020 network
drwx------   2 root root  4096 Jul 17  2020 swarm
drwx------   2 root root  4096 Jul 17  2020 builder
drwx--x--x   4 root root  4096 Jul 17  2020 buildkit
drwx------  11 root root  4096 Jun 14 15:54 volumes
drwx------   2 root root  4096 Jul 11 11:37 runtimes
drwx------   2 root root  4096 Jul 11 11:37 tmp
drwx------ 122 root root 16384 Jul 11 12:22 overlay2
drwx------  17 root root  4096 Jul 11 12:22 containers
(base) dhankar@dhankar-1:.../docker$ pwd
/var/lib/docker
(base) dhankar@dhankar-1:.../docker$ sudo apt-get remove docker docker-engine docker.io containerd runc
[sudo] password for dhankar: 
Reading package lists... Done
Building dependency tree       
Reading state information... Done
Package 'docker-engine' is not installed, so not removed
Package 'docker' is not installed, so not removed
Package 'containerd' is not installed, so not removed
Package 'docker.io' is not installed, so not removed
Package 'runc' is not installed, so not removed

(base) dhankar@dhankar-1:.../docker$  sudo apt-get install docker-ce docker-ce-cli containerd.io
Reading package lists... Done
Building dependency tree       
Reading state information... Done

(base) dhankar@dhankar-1:.../docker$ apt-cache madison docker-ce
 docker-ce | 5:20.10.7~3-0~ubuntu-bionic | https://download.docker.com/linux/ubuntu bionic/stable amd64 Packages

 # SOURCE --- https://docs.docker.com/engine/install/ubuntu/#install-using-the-repository
 sudo apt-get install docker-ce=5:20.10.7~3-0~ubuntu-bionic  docker-ce-cli=5:20.10.7~3-0~ubuntu-bionic containerd.io


#SOURCE --- https://docs.docker.com/compose/install/
sudo curl -L "https://github.com/docker/compose/releases/download/1.29.2/docker-compose-$(uname -s)-$(uname -m)" -o /usr/local/bin/docker-compose

sudo chmod +x /usr/local/bin/docker-compose



(base) dhankar@dhankar-1:~/.../airflow_test$ 
(base) dhankar@dhankar-1:~/.../airflow_test$ curl -LfO 'https://airflow.apache.org/docs/apache-airflow/2.1.1/docker-compose.yaml'
  % Total    % Received % Xferd  Average Speed   Time    Time     Time  Current
                                 Dload  Upload   Total   Spent    Left  Speed
100  4990  100  4990    0     0   5388      0 --:--:-- --:--:-- --:--:--  5382
(base) dhankar@dhankar-1:~/.../airflow_test$ 
(base) dhankar@dhankar-1:~/.../airflow_test$ 

